FFCE1DB9E8
FF724C7F8A
FFD552E31B
FFDA3D6F70
005846BFAB
FFB52C328C
FF94ACD845
FF4C067F47
006E9F2DAA
FFD76EAEF0
00DF9A4FDB
0038824955
FFB33CADAC
00632F796C
00042DADF7
0154C7F91E
FFEA44E642
003F9C171F
FF77F8CB86
FEE635B8DF
005BCFF09B
00529CC097
FF3B61A5B0
FEF7D2ADF1
FFD62A8CD1
FEDAF9B5F1
004E065684
0088DD2B58
FFDE428D54
01A1BAA543
008F408912
00A3670E69
00B0310CCC
00075DA593
0076F15CC7
00381BDB73
FFD52C9C9F
0070842297
FF663745A5
FF8E00EB28
006D5E284E
FF1CB228B6
FEB550B7C7
FF571E5A87
FF04D00F15
FE8D3D97E4
00A71A03DF
0039C1CDDA
00F86990C0
00E892B297
0101F5C41C
02686EE62D
FFAB95D872
00DCAD40DD
00CAF3BA2E
FF79C42A11
FF903A1B6F
FF211C61E2
FF729CB05C
FF8CDA13DB
01834F8A58
FF942498F0
FE3CFF7790
FEE34AE836
FE39EE9713
FF297FC5C8
01AAC88F6F
0213B0A64A
FF67760CCD
00C0D581BB
0108AED47C
FF66B1D28F
02007AFC77
FF90FFF057
FF615E538B
FE99492DF2
FEA4CF52D2
01F68F9F16
00B3647EB8
FE831D56F6
FF8C216CC2
FFB40445F3
004448C464
011880BAA1
0028942364
FEA3CFF35C
00A49CE356
01A634E0EC
009830DA24
01F19BD1AF
FF36C7CE22
FF9FFA980F
013352CCED
01DDFEEDBC
FFDE96D50A
FFB9A9CE08
FEA195868D
FEBB2F3018
FE9151FD4B
01B651BB51
006B20C484
FF0D3FB6AB
001B3398BD
0102D14A0F
012A060070
029D410755
00D9AC01D1
00F115E8AC
021AF80301
FF490392D7
FEF6578D3C
0261CE67BE
FE1CFA6CD4
FF64E8584A
0177F05505
00E6A8A349
FFD5856DE1
FF4B9C9D2A
0123F4F209
FDAA7DF9F0
FF46A3A939
FEF7095B1F
FFC1073949
021A918C39
0150099774
FFEB560EF9
026C9A4B06
02A3763353
0094A3A907
02163B2C7E
01BD29759A
FF99016459
00AF4F0E2F
FF3A02C88F
00112C753D
0037C0FF52
00E7F5C691
FF8FAD1F24
00A5B3F706
FE846248C2
009B8D97C9
012A38BC37
FEA2894802
FE9A9DD728
02B03ABB51
024E8FC24C
0083A742B1
0118C957FB
FF8957D85B
00A383C13F
04FDEC8DA6
FFE70B21AB
FF87D37F86
007F00AFA2
0085EF6F02
00A427705C
040940DB83
00E4250375
FE910DACA6
FFB815A92F
00E0CA048B
FF1039EA46
FE66817832
03351E09EF
FEAEEB9703
FF2A2E6946
011485ECB7
FF1C8C3C4A
0134FD2364
FF803ED007
00F564A1F8
047007887F
FEF7E4A9BC
01C8A95AC7
00C73DF6F7
FF55CD27E0
FFB25A9BC5
02B73DA774
FE2D1319BF
FF740CBD93
FF00F7D61B
0084AD5FF2
FDF0E57E10
01C5CCA156
FECAECE4DF
FD6BC23461
FF532D1345
FEF71DB319
FCF25F8F24
00F1737B46
FF8EC9C320
FD6BEAFE44
00F2BE3FD6
026ACBA055
FE883540EF
030028A4ED
00CE4304D5
00A5A66F45
FF947A9374
035C3F669F
FEDC581884
FF494B0CAC
025BF3F24D
FFE46FD6CB
010A34F9F3
01368EE290
001555BCAE
FF493137D0
041E2BF45D
017D774946
FD3C68C9E7
00FB92D232
FFEFBA4AC6
021EA8D7C0
01D5265098
00CCE47D96
021858A509
FEC250789D
01E9F5B158
03B25692C7
0018AB7B81
FFC753243C
024996A3E2
018F9BE284
FFACDBBC2B
FDF52C549E
04929FADBC
03A27855C1
000175D849
FEF4298DBC
01E553A36E
FE362DFC7E
01B2C86E66
019004A9E2
02BE5FC072
029C271BDF
0065A3A493
009784BFEC
022EA1EFBA
FFBCE973F0
FDAAD19EE7
00616F3118
FF1FA7EC51
00C4D88825
02C1EB1284
FED2D8FBA5
02A2D24D0C
0111E3947E
FE99A18FD8
03A688E32B
016C7D6241
FC64956EED
FF1741A60F
0080B5E34D
015A2A6BE2
00CDDDEE2A
004B740BB6
01402F537E
FE2E34F445
001753C7AF
0052B82A4B
FE1F07F4B8
FE50F261BC
FBD81FCE03
FD0832C285
0087108D8B
00A711CD70
FF1018DF3C
016BA6821A
FE55654D34
00A1BA10CA
016032BA74
0542F5F4D7
037BF4BA25
015672ACD9
029FCE1190
0002A86634
0006FE23E1
FF8BBFE8ED
FE7F3796E1
00C23AFC4E
01D9281AAB
00F39B5A6B
FF60ADD509
FEF720D0C3
FB4D70F230
00284BEE06
FFDB0CA49E
02F1AD0A9D
01083576AF
FEAE9DCD58
FFE4819D4B
05216A8533
037A9046E9
006FF01A29
02C51FE17C
013EFA3B65
FAC1269B94
FF8DB7E9E8
0173F086EC
FEBF33609A
FF9799EB96
06881F13CF
012508DB60
FF9978BAE3
FF0F587A9E
00D01F083E
FCC9069C93
FFAE5D8459
01EF9F4C98
FF1F1B8126
01EF7A4416
0313E44950
02FD5CBC8C
FFDDB500A2
016A8424AB
031CE83D37
001E76856B
FEE895C30D
005DF0EB6B
0097946594
00540DB595
0260ACEF67
0118BCBF95
011664BC39
FE4CA27F12
FEE91D695D
FEDA978342
FEA64857EE
009BEDBB4E
FE996F4D1B
00F3BBE560
FF0BD9936E
FE71D932A9
01E07F66B0
006A566375
00BE9C1733
00A7E402A3
007E2F1850
FED2D95A37
FEE61C3E2F
FF82F7F047
FE55DA612D
FCB5EEFB6C
02DFFFE33D
012F56FB5B
FDF085FC79
01EC03E048
0044FCD409
FF0B96CFC7
00BCDF7777
00F9589F21
FE73EE6781
FDF86FAF0C
FD638B1CE5
0386B7E537
0101C61BB9
FE7470BF7E
01CEB28582
FFD8B18A20
FDDB155ABB
FD3DE70B3D
00CD4BF057
FF34728111
FEB132B7BD
FFDBE1C8E4
FCC62500D2
001BDCE9F2
008B08F067
004E8B2A0B
FE449744A9
FD7937EAAD
FF0FEABC3F
FE4932F48C
0162A25E2F
FFBA1E507C
FFF445C823
006EAF73F0
018E3E2346
00C9142A1B
FEE3237933
01585AD7C9
FDAE827736
0013739C6D
01AC9D638A
FFD166B165
FC713E3F12
0028E8F555
02ED7B08AF
FEAAB9EC90
0215591153
0009156260
006CBB9B8E
013181DF57
03C56344E7
01071BBE5E
0141215A6B
011776FBB0
FFD667215F
0323D6AC24
00CE29181C
FE51A1F08E
FEE5948BBE
FFF0367FC2
00FDDE06C6
FDE9265D98
FEF0DB8A79
FEB9520BCD
00993AD61E
FE020BE8A9
0006F1F9E1
FE64FDA23A
01013FEEE3
F92F627563
04D2CB855E
FFA6B9DEF5
0010B4AB08
031E2D78BB
FD227EBEB5
000E064339
00483B9E51
00201DFC75
02DAE06C96
0217627D84
FEEADBBFF3
00F57BA80D
FDBB26F89E
FCE4F974FB
FF325D23D9
FC8EE3B17C
01AF68766B
FEC14D1CEF
FFFBF0182A
FF984AECD7
00E430307F
00C519A5D1
00A116010E
01032F0F49
FEC5A9C470
FE9F30B87D
FC17AAA57C
0172FE2C04
0153578C85
00634FA106
01316EE6E8
FE8C0AAE8B
FB50D7EBD9
FDFDA42B30
018701445F
FD617CDA45
0039227EAF
FD88B67A50
0088368BB5
011BC0B158
FF185CCE0A
FE8969670C
0191D5F4B8
01F6D2D190
FED9A84AF0
014F904909
FF0600210A
024247F976
FFE9C95E35
02BD399221
FF9F862833
FDEA6070F5
FE6E2B31B3
FFFCACC7B0
FFBDD4261A
0033FCE80D
FEC33B53C7
0392B11B46
FE164BC57D
FF884058B2
0044D16365
FF95106275
FD33E5C108
01EA06B4AC
00D762AF88
01E637A789
004CAE5851
0050A786AC
FF838D7366
011F55445E
0199003416
FD36486C4E
FDFD574D40
FC19FAD1C6
0142BE6DAB
009715831B
002490F07B
0022012E95
FF6A0110FD
011A9E0E2A
FE4C511DF7
012B37EC7D
FF117717D6
03BD047C93
006CECE1A5
0138E153BE
0061867A51
FF5158B51F
0177A08F17
FFC4BDBF67
FDD79A03B4
FBE7F531F5
FBC901A3BC
FF8FFBC68B
FD06398AF5
012AA407BC
0123A18E2E
008B5DB567
007CF853EC
01402EE070
FEBE19332E
FDCDFEC7A5
00E9393E37
046C2D3DAD
FE86D8210F
FD3375F6B3
027DC44045
FBD221E43C
FFD127E2B2
02021C1937
0284377AAF
FB3771B64D
FE836E4651
FDAF726D9B
FEBE77A82D
FF62738986
01780C66D7
FA711F6752
01C99F21F6
02846E5C50
024C12822B
00EC392D85
FF8FA64CE0
FE689ABC16
02B3B9035B
01ECDEADF3
FFC8878B41
FCEA7093FA
00891EE915
FFE58A2C55
00469CC218
003F93410C
FCFFA55E84
FF705201CC
FE86480426
FE11FBD4FE
FD704A8B17
FDDFB5E759
FF312C40BF
0153C43AAD
0296730E4E
FFAA52159F
010CEE654B
FFEFED2C39
FF07C7CD86
006F58D5A2
04F29988C1
FE44A92F50
0167A74401
FE7E59C3B3
0003780316
03F045CC90
0071EF8632
00209F364F
FE0A3C007A
0157101BE1
00073B7960
FE8416CDB5
028DF5CE3B
FD29B16787
02D0BC6291
FF00EEF4A8
0021BBA2C0
FED01D3BD6
FF18B22518
014E528D20
008B0CF94E
FF951D3EA9
FE37943447
01A3BDCAD6
FE91CEF194
00D245F12A
FE6DCEC5B5
FFED7F198B
010E2AC09E
018C126AF1
FEBA150A88
FCEAA8CEEE
004FB95EE6
023C7F7B88
FF3E1293F3
FE5798B4C7
FF9F29DCA8
FD1D9FA470
0148137062
FE3E020B7A
002E09DE60
FFB6C6016B
00FF2FA8F4
02095266FB
FE49F0DD7D
00B30A89E8
FFB5BA68B9
0230B9BA0D
FDD2B7EB82
FF0766C6E5
0374CE28C0
018158F173
019EC3DA95
00629B5322
FFD16DD101
FFFB1F411F
FEE1D30BF3
FF9DC1046A
FE40EFA28D
00D4D4E65F
FE2612A51A
0089A50D66
FDFCADB217
FF0B901BBE
FD7098747C
FDA6340144
FF5BBCCB21
FE272BF091
FF024FA2F8
01B375D5C9
FE2D9E6E02
005286D58F
0156F30977
04C69AED80
FF7E2947AF
00A2A0EA97
009477944D
FE3FDC552D
031CA91237
0157F564CA
0104FDBA34
FEE83C135E
0378D3193A
01D062B0F1
FF1C370EE2
019D315938
012F08AADE
FDEF24DD04
00AAC2B487
005AF8D978
FD6767D86A
00B5A47DE8
01C81A14A0
FD3E448FF8
FFC7F68F61
02799FF29A
008F2D8F63
0239AFF390
01E576A1CE
FB1A3B5E6B
00802CD71E
009636F8C7
01AFA2AF6E
FE2193D769
006BAC177C
00EE69B79E
FE5D748BB3
FF6AD84E86
FE0F2729DA
FD946270B8
00452B29E8
FFF9889E96
00C85EE3D7
FD56250B1A
FE6C53ED92
FE9EE8C475
013C75AF3F
00C5B08B02
00572C08F9
01E2676080
FE044774C3
FDCEE2F231
028DAF622A
03D508F445
01CB19FF14
00086A0217
FE8A65AF10
FD3F7B94A1
01B51C1E03
02C33337D2
002C8ACE89
FE9AEE8A9E
FB56ED7875
02954155F9
FB576F4F75
0165F999B7
FFEE5FA3AA
00C2179824
FF6BD9DBC7
FCD40D1D81
FE156F9349
FE601525FD
FDD9BC564A
00E86BB607
000BEA4B30
03A13034C2
FD0DA73B32
01533FCE14
02A1D2E1D0
01D818BA46
006DAD8EDC
01D5667652
FE803BDBBB
00D286507A
00356E10B5
FF1665981E
FF0E30E482
0190819E86
FFF7D70DB3
0419E447DF
FE98053A78
00C4681D07
FFFE0AFF9C
005408587C
01983FAD2C
0037B6DFA2
FB035AC24D
02470ACCED
009AAF51E5
01CF4D2765
FE1F38D268
02D4F05644
008AA4AE8F
02B34C1630
FEA7E4C7D3
FF80EE4BD0
FE57BC9668
FEDE685730
02F18E7FCF
0375B6863F
FD0028A8D8
FD9CA5310F
03AE2BA96A
02187527CD
FD1D12426B
FF8B252DC0
000305918D
FCB8C352D9
02CC1DCFB1
017443F530
01A958477F
006F2E9523
016653611D
001CF5B0AF
FD7ACC5E0B
021DDE178A
01444C30E8
FCF0DD3DFF
0286A2FF7B
FF6DBB493F
012EAACE06
01C15E635C
FE057034D2
FE0E7050EC
022EFCF1AF
01FC1D7F29
00D49B2692
FEF353CA74
FFD8A5172A
0093076ACD
0231AFBC18
0153E6DDA1
FCA8E10773
00D9D76B09
FEA14F25A2
FF0E3F61DF
FFFFBFA097
01E8059A05
FC380B7FC1
013685630E
029F926612
FF476B2F08
0045ECE3AF
042563F141
FCCB8388EB
0137CE52C9
0363EBFAAC
020423A556
FE868445BD
FF94D77415
FE013A9395
029334B76E
009CB5E8EA
00BCD5927B
01BF7A514C
FDE6669512
FEBAD5688D
FD74D2DCC9
02A3B6DAD9
0054A314C7
FE746A4D92
045AFE527C
00AA264B23
00B5033A98
FE914FCF9A
FFE01623E0
01E97C9B06
FEACE5F765
FE66F30618
01E02EB517
0024B408E0
005733C1B4
FFF12219AD
017955B639
01FA9911F2
FE89D9B799
FECE69C0DF
0268013E2A
00322259AA
0115BBBF1C
FDD8E610BA
02ABA95CA1
01D03AA888
FE77CA9A39
0181265C4E
00EB3C763C
003C120A7F
01A05D849E
035C50EC5B
FFBD18F51C
FB7CA6657C
02A55D2044
02A570ECFA
019A9B0799
FFCA851070
FD862F24D8
00C5E58366
0242D45802
02DFB925B9
0236F71132
FF360AE7E9
FB979EC2CE
0209BD2BC7
FFC7D446FB
01A0490EBE
FFFCEA35AA
00A18A59F9
0192363FBC
FE9AC8CC40
0203AAF7D7
0154F6808A
FEA595AF46
FE2AD8EC2C
005D46D566
00FBC66830
042E944F99
FFCBDCAF91
FE1576D544
0446568537
FED54D9C45
000920DEAB
0356D2779D
00E08040CC
FE13FFC247
021C20CA80
0185FA8159
FFAF5FF5A1
FFA7B42D47
FFC42962F4
01B16318CB
FE5D995581
0289A0F56D
0071AE0377
01BB527528
0103E63054
FB57172A06
FFE758095F
03387F23BF
FF4AD6536D
FF54A11E50
010F4D70B8
FDB9FCBD53
FF19FDB401
024E39862C
00DC1E8788
0080206C4F
FDF12DECB5
FFC294363C
01C32F2A80
FE426D9C4C
FF1817122A
0053C6BC35
0182DB1520
0027A36872
0118C53616
03858FCE57
FDFCDFEC9A
026ED75E60
FFDE19933C
059C179FE9
033955DEE8
FD9CA07C01
01F2097401
00A792C872
008F41C712
FFBB8B8321
FFF1E79ECC
00BDDC8E85
FFACC3B0CE
009E1C74F2
0369E680DF
03166C156E
009A6112E2
FE2F686381
0609790698
00A319B6A6
FF59F4F0C7
01D18D3810
009C730269
FE1A9E2B5C
01CEA02B9F
0148D254AC
024FCE85E3
FE3478954E
FFC081EE16
FF7A388A40
FF703EDB40
FE52C46C13
00F1A6BC96
036CA465E8
01B234E7B3
00A4C3CCD4
02E08ED424
FF2C20B023
FFFBD32AD1
FED2A88930
016F4064D3
FD750813FC
009088EC2A
007A66A06D
029D41A78B
00A5A36239
01CB086580
0344BE60FB
01B4B35D00
FF17611EB5
FE8D3E092D
0076126344
01E889B39E
011CB942D9
05178BD11D
00329BE588
FF9C169B16
FEA3000F09
001A550405
01056F927D
029DFBC8EE
FF39526C46
019502FD19
03174E2D99
FDE6443412
003E8850B4
FF70440C6D
FF2EB5EC23
031D36C287
00331DBA4E
0038CD3101
FF2E17FFC2
FE78A0CF43
FF16ABA406
028182AB49
FE9B1F61D2
FBF18F864B
02C558B69A
02D88E5856
FF8DFAB9DF
006FF99B5A
02D92CE8D1
FE9B78DCE8
0092616B03
02689B0BC2
02183EAC3A
FDE11F6987
00097BC68B
01838C2382
0281174AF8
019A5E6462
00E97D3231
04C8866441
01A08B105F
0072E139E9
00E40B8AC9
028B86466E
FF4CDD051E
018A018FAC
02EDD1059A
00DEEC2134
02140AFEA5
FF8D3559EC
FF5A4B55CC
