 
****************************************
Report : area
Design : FSM_MSDAP
Version: L-2016.03-SP3
Date   : Mon Dec  6 01:11:08 2021
****************************************

Library(s) Used:

    ss_1v62_125c (File: /home/eng/y/yxw173630/lib/synopsys/ss_1v62_125c.db)

Number of ports:                         2459
Number of nets:                         88068
Number of cells:                        85267
Number of combinational cells:          59330
Number of sequential cells:             25903
Number of macros/black boxes:               0
Number of buf/inv:                      12734
Number of references:                      52

Combinational area:             635484.048283
Buf/Inv area:                   110275.870314
Noncombinational area:         1668461.719595
Macro/Black Box area:                0.000000
Net Interconnect area:      undefined  (No wire load specified)

Total cell area:               2303945.767878
Total area:                 undefined
1
