00166404D8
005E27E816
004E2D04D1
FFF993587C
FFF9D53BF2
FF8B2B29D1
00F6146D65
004DE156FD
00D9964E26
FF916E47D1
0009DE6BA0
FEB33C3E01
00EDC83A2D
0068FE045A
0047573E4D
FFE1E8E93F
FF77B40F47
FF54F41C50
004599C2C3
00D08C1B6B
FF36C8FA8E
FFBEF921AD
FFEC3CAD43
0007349A3C
0120891C2B
FEFE65A72B
001C4233C1
FE7BECCDBF
0073D24CD3
FFECE67A41
0080A3A0D8
FF1837D073
007BB27790
FF3DCC77F5
00D85B9C30
0198D3A024
FEF5538720
FF47A2E5A7
0029C24674
FF8C952D63
FFD75DDA64
0125B377E9
FDF0585DDD
FF892967E2
003346B88B
004857DD04
012543D742
FFEE9A80A8
FF102FC887
FF7A95D6DA
0122829E0F
FFF595FC50
0194CA6BF8
FFAAEC8238
FF4992D019
00202CF892
FF7BDF7552
00F7CBBE3F
FD3EB034D9
FE424F4691
FE06F8EFB9
004361A14B
005F0F266F
0171A6AB18
FFF4675DB3
FE8FCDE920
00DAB66523
01276CEF57
0020E2464D
00BDC78E7A
008A20AAE5
FEE8CA44BB
01BEAA65BB
002E1AA70F
FE0436D98B
FEC25DBD73
FFBB3F076D
FF57A9E58E
FFC36164F0
FFA361F446
FD67DBD13F
FFD2DC38AE
00719991B5
021EACBE10
FFD6BF4559
FFD5BD3B8D
00896C3E9F
FE92FC4991
0081026E3F
FFA58DF67A
FFF96479C7
FE47334726
0040272ACF
FF867FAFA6
FF3DB142A7
FF5A1809E5
FF6B06C4F6
FFEE4A1CDA
00AC989237
0022DFD615
FFAC87E70F
001EA1CBCD
01EDF7223B
FED5671745
0041660BFB
0024283AA0
FFAC8126A3
FF01EB989B
011A575361
FF8A68365E
01A9A2D13A
FE87B054EB
0006274BF2
FFD666D733
FF9C49C83A
FE72940916
00F50E2DDD
FF0043F9C3
006503AC13
0007B48295
01270C84C6
005962F510
003E191BFF
FE4451A823
036FD8D8B6
01405FB244
00A6B24D4A
00C4582EB9
FFD9A765EE
005842EDE1
007FB79CCF
0017684B63
FE5E5D94A5
FD85B636CC
00DF6D48F1
FE14E97BAC
FF2D734ADA
FF502842B8
01757CAF7B
FE97F18061
00EF27D4F4
01D5295BCC
FF79FEB5A2
FFF553518C
00F6167279
0301045D0B
008398CD0D
019F718C66
011910E210
FC2E8430AD
0005A343A1
FF651CAA4F
FEC7C1BE01
0131C50D6D
FF969CB5F6
FE542B1279
01BC35317E
0149A611F3
FE850FC7E5
FEF514B0CE
01BE772BF2
0088950E73
0093F2758F
00C42CF6EC
FEE2596C72
00BCB92859
FDFA168714
03043F3445
FEB7B33069
0044E3D103
FE8150A346
001F1A110D
00AF0535B5
003FC2F2EF
FEFE533F71
FFCEA5F036
018ACFB7AC
FEF3F9535F
FFBE341801
01E2561D2B
005B1A67C4
013FC7F4C7
FE41E102D6
042BD04838
FED371FFBF
0122388C33
FFF32666EB
FFC7CAE6F8
0084848E92
026B0216AE
FFF358715D
01A6DCE796
00A45A0A5D
00A1B4E996
0118B9CA69
0136244BA8
00782D7598
FF1E1B9778
000D9E45A1
0229FA3ED1
00DCC8ECB3
033C961078
0046B82C0B
0066CD25F8
FBDA56B1DA
00D7C9B97E
FCEE38FA3D
013EA94C0F
FEF0996099
FDF2191A91
FEF6AD1601
FF52DB5F3F
017858D5FC
FE2E84E245
000282EE57
FFBF69F381
014D83439C
01C5A2A842
FD2141B729
FF544AFD55
0189C554AE
FF559FC8D9
00F2BF11CA
024FEA85E3
FE12CF0D2B
FF1F043627
FD47A25216
035BD6452C
0168270D16
FFE49DA6FE
0181499923
FE14C54F10
014A5471EF
FBA90DC76F
01E103567D
FFE10B59EB
FDF6A680C0
FE4FEC61A3
01C929726F
00C6724B9D
FC5B38BF8A
021CF62538
01A5886C2C
0214D52057
01E76404DB
00F52DF6FB
FF5B86C5EC
01938EDFDE
FFEACE40DF
FF5972784D
005567C0EF
FF2C3640D4
FF002C2E02
FFC21AACF2
FE65F88F7D
009B22BC11
020D9C9D40
05E918FCA1
FFE32D6BAB
FB0B2D370E
0062B5DCE1
0212E8AE55
054ABF81D7
012E707198
FFB1D54934
02B2C1226A
000CBA40ED
01540395A4
FE5084B73A
011E5555B1
FF301D420D
011783066E
013B0C6355
FF05347B04
FF56C5A38D
000A18ABC5
0153CEC287
01B3B38205
FE12C4DB46
01AD113DF9
FD2167D163
FD659780EA
FFCA82EC5D
FFD9BD065F
01FE2F9694
FF22BFBD0B
FFB0E72BE8
FF90C3BD92
FE36F39D20
037B5C3285
00FEA595AD
0005A91A5C
01619AB2DB
000B87197E
034565B15D
FF48F1CCE9
FE256E8BD0
03806C4DE0
0145C164E7
FEAD525A1D
027E2A2428
FF23055082
FF3AF23BB4
FF1B58F9D4
FF1DE69769
0053C3778F
00DCFD52FF
FEEEEB9248
FF697CA1ED
0127AEEA04
FF94830772
FF3B5CB05D
00BBAD6D6A
FF4BF52E70
FC93199354
00F9510914
01B9EC1535
017BD7AB7A
03C6B479A6
FDB2C3D8B3
052BE30EEF
015EBFBA46
FDD6CD9308
FF1500838C
FF3ADCEDAB
01004F6325
FBB2BD2C3D
FFC4FEAC47
FF3944BD64
FE6D83BC04
0178A1C912
01FB3517E3
023D618571
013AD37FDA
FD58C4B9E5
FEB77BC66A
00AE3D9EE2
FE1189407E
028B650663
FEDF92294E
FF4B4013DD
0151CCC0EC
FE864C8129
01B2679697
FF5D3AC1EE
00BDEEAD6B
0252D54BA2
02657D05A5
0120172EA1
FFBB159288
FE98CDD220
022FBB23A5
FE106726FD
0098E23540
FFB19D6D25
FD8DC1DD50
0360AE5B98
01716C45DD
FF90972227
FC259B866F
018FB14461
02A50E904D
02D6B1955C
00CBF12586
FE2C73CA83
013EAB13AA
FC576F41BE
029B1CBB9E
00701CBD61
FF82A43915
002F102D2B
FED69421B6
0204C6832D
FFCD415883
FD106DD2F5
FFDC6C73D5
0223E4630B
FDE6CE4DA8
FC62769CDB
0173EE99DC
FF8B18F17F
FE4B5326AC
04BED188B8
02842B45BC
FE0815E996
0240F127D4
007C01F7D7
0114C748B9
02D895EF5F
005A83AC7E
00AA0ACA76
0392AEE533
0113DC716A
FF7812A0CD
007E76CA91
FDA9C89D42
00740CACB0
010F35C184
FE1BE12E42
FEC19DCDF5
00BD1508E0
FDCA3E5E13
007CB8FAEF
0244F7D2EF
FF4EF109D5
F97A0D6B98
021C06636E
012C3008DB
FFA4BBAF9D
016C6C4C97
023ACA10CE
FEDD61ED2F
001001C3E9
FCA340A9A3
001C7469DF
FD1CD32E11
FF334416E1
FFCBEE8999
025FB3D4DA
FE48581545
FF46D0C862
FCB3DA518E
005450646F
02EB8C8546
016CD358EC
FF1DE75C3A
FF6D4FDA2F
FE4C2B3733
00B5805428
01CC07BF82
FFD4D73F11
002815892B
FD4D6A7D2A
FE28878FF6
FED3EFFAB8
FFF2841D69
04D5230D18
0105592EB5
01F9BFDB45
FEEDDDC499
FE7AAC2891
FEA03316CD
00CD897213
FEEAF8FD34
FDBC7358B1
FE24538882
FE93AB452B
FD2613E7E9
FDFFE33A31
00BE3EA2CF
FD8926D4FE
017B43BB9C
FBC841BF70
FE3944E388
FE390E4F9B
FD000B5456
01DEF3A3E3
032175EA75
011B793494
FF3C7FC84A
0231904BDD
01999D81AC
002FA24970
0472362507
0121AC0D7E
015DFEE276
FF3C62170F
009CA7C247
FD57592E19
035B031607
FDA0CE6A0C
FE3498E823
00C85B8B72
FFEADB98C7
FC430AFEE7
FFC6D49506
0073519E3E
0173E79A22
0315EEE6D1
00EC76B522
FFCEB56223
FEBD619AC8
00429FAEBA
01D3B1E850
FEB1147325
02EC1988BC
FFAB8BC5F3
000F969675
FDA53B2BDE
FFFA16C4E3
FDB2C44A9E
02165A2302
032C9DEDDD
FE8733146B
FEF40609BC
00807D780D
01499751C7
0052728D1D
018795A91A
FE6BE1B32D
009666CAD8
0053C93CC9
018CC4319E
01723C7BEC
036D20F214
02CB68BDEF
0133531231
02FE4EFB2E
FD9929F69F
0102A43E49
FE42B708B3
FF97054E86
0281C29476
FEE46AB1EB
03DFED3A64
FEF3B5EAA2
01A4DBFEB3
FFB0755227
FE14A19BFE
FE8E94BC25
FF93A4DBFC
FEE546FFCF
FF8945FB65
FE1FFFA66A
011EDDC4EF
FE57BA8FA5
FE07E1B46D
0221C3DE34
FE7B795734
005E3E3184
FEE3E74BA9
FDE2B23C3F
006E3CDFAD
0022B3E525
02153FF2CE
01E59EDF97
02D0EE8AB4
01B339DC2B
01F10A6730
012AA758B1
FE46C07F00
01397ED576
00E93C96D2
FE91020269
017EAEADBA
01403D3156
FEA7636145
FD5169C445
00DB5B049A
FF2ED3E042
FB5FBBF63C
008889B585
0215C0D70B
FFAF0A2866
00A0BCE15A
FE1493ED59
001EECF7C8
0456CC72F2
FE410865DB
01D1891FCB
0086EF27D0
0002B54F61
FC34A6BCBC
00AA1F9E13
FF3E4E0AB3
FFEEBC5142
FF52D5D21A
02BE5DD500
FED59347C4
01E3A8099E
0057932BF3
FDF51AB8C0
007E15220C
011D0F1950
FD79E1FC32
00D8207FCE
FDD5F77A9C
FFFB09C1B9
FF79538C7B
0225C5470F
02EF5AABAF
017A736BC4
0100C1A0D6
02DD6366C7
FF99D7B592
FF78B2D14C
0266556D0E
000DC2EF30
009461E176
FFAFDCE6A1
00C2AA4A94
017B39D221
FEF67A11A7
002E15ED97
FEE8060298
FF365555D2
FFF03C45C2
021B09AF53
028AF300ED
FE8EF6B2CD
FDBB8234FD
012AC560B2
018F29AF05
FEF71950CA
013F74C41F
01677717A6
FEA0C0DDE7
FEA401AE69
00CA93FE9B
0093E1FE28
FE8FEFBDF3
0091A145CE
01427CCA29
FF34399078
014D9E20C3
0324E64205
FF2A619002
FF8363F4AB
FFA1E800B6
00938CADF7
01FD492C71
FD9DB64BB5
00D5525818
010C1A8D87
011522D5F6
FEA421FA0C
FF1062F8B1
FFB29B5FB3
FD7AC58063
00DD7CB9A6
FFAE04B83E
FEA05C6D23
00453A5FC8
011041015E
01842BF742
0126456819
00E487DBA0
FFFD3E84C8
0119B5E016
FE5B7B0CC9
00A9630E69
FEE8FC8202
02836B261A
FEBEE08CCF
FF6DBF84CD
00AA47D6E7
01DE491B03
FEC856A401
FE52882BBE
FF8C034330
FE492DF975
FFCBA4631B
00253F41BB
FFA14EDD6C
FF744CF37F
FF0F802131
00F7691E51
02A8106B99
00F0A2B619
FDD4BD3DF5
0149708D38
FF29AB8AE9
FED97D60E6
011EB49CD5
01F988DBCB
0094792469
FDE07FBB57
01D1C97ACB
0232095399
011D137DF6
018C039D6B
004821CFB0
FF1E18219E
FF24EDA79D
015FCC535F
0215927705
FF6CE91CE4
FD9CEA7768
00251E8FD3
FFB2563BB4
FFE20927DA
0170C12D0E
020A5A2C7F
0093CE7E76
FECCDC8B27
FF8863AB94
00CF8632C1
00B65ED176
FFC10023D1
01BFD6C141
01ED09B737
FEC67C1570
FF8E7FF0AF
000EE30D1A
000430DF62
FF0F45B377
009F960C11
FF6D3BF392
00973EEE9E
FF653B57FE
0025360D02
01B3CDC0D6
018498B2D3
FFCDACD12E
FFA75BE470
0074525C7C
FEE7898B23
FF0E0FE168
000D0B16C8
012EB744E2
0106BA4D44
0052FF82F2
015790C969
FFC2A0439A
FFA52003C0
FFEF086787
000D9ABCCA
00B96738DE
0049FA4B78
FF9D84F54A
00AABC2F5A
FF45562339
00B41A1B98
012B58C41E
00AA1AFDB9
FFBB4A9545
FF07340CF9
FF8F5499D0
FF9368EF22
FF7BA5FFAB
00B8EA1E2B
FF5DAC6561
FFA62C13CF
FEE8487E64
00D2E2585E
002BBCC126
0014B9071E
00104A6B0B
FFC163ED34
001C487109
004E2C620F
002D688721
003F6C73C8
FFA7F0BF17
008FD40B6E
FFFDACAA2B
00E52F2406
FFCFFA6E4E
005FEE97E4
FF65F72F58
FF82FD4DB0
FFBDDEBD61
FFDD3DBA70
00027CAB8A
FFD15E288F
00188DABB0
0029E3C64D
00377D4471
0010A77F9E
002D247DE1
0005FDBDA7
00297916CE
FFF6A160EC
0003CF5A3C
0016B75F2D
0015350AE5
FFF59BFABF
0000000000
0000000000
0000000000
0000000000
0000000000
0000000000
0000000000
0000000000
0000000000
0000000000
0000000000
0000000000
0000000000
0000000000
0000000000
0000000000
0000000000
0000000000
0000000000
0000000000
0000000000
0000000000
0000000000
0000000000
0000000000
0000000000
0000000000
0000000000
0000000000
0000000000
0000000000
0000000000
0000000000
0000000000
0000000000
0000000000
0000000000
0000000000
0000000000
0000000000
0000000000
0000000000
0000000000
0000000000
0000000000
0000000000
0000000000
0000000000
0000000000
0000000000
0000000000
0000000000
0000000000
0000000000
0000000000
0000000000
0000000000
0000000000
0000000000
0000000000
0000000000
0000000000
0000000000
0000000000
0000000000
0000000000
0000000000
0000000000
0000000000
0000000000
0000000000
0000000000
0000000000
0000000000
0000000000
0000000000
0000000000
0000000000
0000000000
0000000000
0000000000
0000000000
0000000000
0000000000
0000000000
0000000000
0000000000
0000000000
0000000000
0000000000
0000000000
0000000000
0000000000
0000000000
0000000000
0000000000
0000000000
0000000000
0000000000
0000000000
0000000000
0000000000
0000000000
0000000000
0000000000
0000000000
0000000000
0000000000
0000000000
0000000000
0000000000
0000000000
0000000000
0000000000
0000000000
0000000000
0000000000
0000000000
0000000000
0000000000
0000000000
0000000000
0000000000
0000000000
0000000000
0000000000
0000000000
0000000000
0000000000
0000000000
0000000000
0000000000
0000000000
0000000000
0000000000
0000000000
0000000000
0000000000
0000000000
0000000000
0000000000
0000000000
0000000000
0000000000
0000000000
0000000000
0000000000
0000000000
0000000000
0000000000
0000000000
0000000000
0000000000
0000000000
0000000000
0000000000
0000000000
0000000000
0000000000
0000000000
0000000000
0000000000
0000000000
0000000000
0000000000
0000000000
0000000000
001246A8E0
FFECE19230
FF76E5F052
005F515D0D
FFC77D87A0
007858D264
FF56F54181
005F205A00
FF293FFD23
00663C5C9A
E529EF3417
C943CADD43
226BE80FDB
DCA59C677D
275C5B75E8
F780CAEBB0
A6C2D15DC9
5EB513DB74
554AA38424
BBBEC2D376
329799697A
A66ACE745F
BBA45EB89C
0795DE0108
85ABFCC171
68A39F1BE7
987D5075E4
733B0C6659
12B0CD0E70
D40163F4DA
2123906345
797EA8B187
B6D2A1C188
5187DD39DB
67185888AD
7B4C2AD415
FD2306E3FC
AAFB3BD43D
0D6A943449
5FF0433C59
79C9ADC711
E423158788
FADA2DF6F6
316C331DD9
E01D5418C4
8F53D85868
6CBA49585C
3D8F0D082D
2CCA05CF9D
FFD767E40F
398C410583
773D9B5D55
E9DFAA8E64
E94B6F96F2
C7CE70947C
07A544CEC2
DCDC80305B
96061CE6F7
A776E28D76
93D4C277E0
C22745283A
66A9801F6D
AC545A0DD7
19FE124071
9C28489A64
EB37E83D68
