0000000000
FFFFFF2924
000000011E
0000003E9C
000000EBFC
FFFFCAAC7A
FFFFF2CB3A
FFFFF4893A
000042152C
0017ADB5A0
FFFFF2F1E0
00322CB8CC
FFE5CB6A26
FFE441A352
FFC3134622
FFEEE265D0
FFF2294D4E
0030DFDC0C
000F3E8626
0056D73422
FFF6BF81EE
FFD2EA3620
0021F50FD0
FFBAAFEA24
00086773C6
0006F37D94
00394A72D0
FFA38D4D70
0000903DC2
FFB648AF04
FFDA5BEADC
00368D780A
FFF440BD2E
0059D7145E
FFD7466A08
FFF005B96C
FFF7085120
FFFB34E57C
002D5BFC55
005812F8C0
00276FC21D
0024FCAFF5
FFF34900BD
FFD8298FDA
FFCABC42A7
FFF4BDCCE5
FFF728D2D9
00317F60CE
FFE9BF7A74
FFC32CFF92
007E59C889
FFAE34EB31
FFDA05BBD6
FFAF557D3A
FFDC157715
FFD4B1E62E
FF70111C36
FFF1094C7B
FFA7FFE2F9
0052122AC3
00205541C3
002B543358
000377AADF
00365DDAF7
FFFA98190B
00114A5C59
00215314FC
FFCBABE387
FFE64C6FB7
002FFCA2AF
FFA29C4496
0014458A2F
FF84C5CCBE
FFEA04BBD0
009BB9CAE3
001083D548
007DC40FC7
000A4E34E7
0040038FB3
0008D2E4F2
FFC4963BCA
FFD7C4EB83
0023B1389A
FFE7FF19B8
0029D1F76D
002355F955
FFB2D41AB1
008D9D7F82
FFE776B9F9
001566CE16
0000C857D2
FFDF86A974
FFC57187E0
00060FA066
FF9EADAAE8
0023859667
FFB25F4B8B
002B74FFAA
FFD5D98169
008E9C20B3
FFE1BC77E1
0012AD545C
000551A677
00985EEDFB
004944579D
FF95F9055B
0016AA9127
FFC54C2252
FFD30B3501
FFB1886299
000E3386B5
FFA261F2BF
FFAFC9E4ED
FFAF431129
FFD882C96F
FF4A719AEF
FFFFE27410
003318E9BE
0036FB09AE
0066975495
006EAF83C2
0029486508
FFBB33657F
FF8F231EBF
00134353BD
00440BB7A7
000FE5D2E2
0051748097
005D1866C0
FFF56CFDD9
00C95454EF
00887C34FC
003EDAE71F
00219727C9
001BAE75D2
0033E5A586
FFEB2615CE
FFBA30DA84
FF9470E8A2
FFF3DB33C5
00428E1D10
FFF0DC2A99
FFE6E76EBE
0011FB8C86
006A79A941
00426BAE2F
00285512DE
FFC4A7C6AF
FFB3466FD5
FFA4C91B00
FFA79E724E
FFF54EE4DC
FFA09E3AB5
FFFC175A24
FFFA5F966C
0078783CF8
0004C3D5C0
0050AC3A67
FFB1F0DD8A
0048171BA9
FFA079F340
FFB74553C8
FFF8595928
FF8F2EBA08
002466F588
FFA9BFC02F
FFBC1BD79F
FFA0686460
00574C1CEE
0016D34A11
005CA565E8
FF9DF6F0F4
FF9797D348
004E496EBD
00279E9611
FF80184439
FFEEDDA63D
FFDAFC26DA
001F6A6F46
0016A1708A
0055459F7C
001D30B1E6
FFC565026E
00A6EFCD04
009E88A060
FFE24D9C7E
0083CC5C27
01482FF1A4
FFACF83EFD
FFE66C7BCD
FFE1C401CD
004604C66E
002B416800
001CED7328
FFE29437F9
000B799E10
000A550D04
003745BF3F
00CB5D58B0
0096861E4B
FFFC216F9F
FFCBD3A46B
002586DCF9
FF3C8B058C
FF8545C400
FF8245B697
FFF33AE321
FFB98706DB
FFD6C40328
FFDC92C5A3
00FECB31CF
003B1E6AF5
00549EA48F
00B640C79B
006C9F8075
FFE3013DA6
004FA89DE1
006F27B971
004665A40D
003FACD98C
FFD88B9CF5
0051AB4266
000E3FB2E8
006352327C
FFA2BC41EC
FFE55538B4
FF8D19A9CB
001A30D86E
FFB22FEE45
FFC0F846DB
FF9A4376E1
FFF01BE977
001F4A07A5
0098D0E6E5
FFEF88E406
FFEF26A6EF
005C8161BD
FFF99E6AC2
FF3A54A6A4
00496CD84C
FF83B86269
FFE9283E1D
00B1936153
FF97E736AD
FFF66CB457
FFDB033A8F
FFE4EAD386
00AFAAFDA9
FF8FD2C83B
00D0AC6F8C
0063881813
0037BF83A4
FFA98086E0
0046A94F45
0016A5B3D8
0053DE3D69
FFF5E76B6E
FFF54368B9
FFE6DF7B59
FFD370878C
FFFAE29BB8
FFC5167685
0002DE6946
0049800355
0009634D59
FF65CD507C
00832275DF
FF63F5D3E6
005A6271F8
007479F555
FF878D8F3B
FFA681D308
FFB2E09E1B
00516CB0A0
FFADBB4947
007C7A78D5
0008778B26
0091802FA5
FFFCDB0A00
00B989C30C
FFEA874645
FF5B41441B
FF8E4115FD
FFCE804CEF
FF6CB00C00
FFEC1490A0
FF54330266
0095E64411
FF908A2220
FFA3480E76
FFEF2DD77B
0029A28E04
0043CBACEA
00161D86AB
FFB5A69B3E
00528588FE
0059BDA81E
FF6C5E735B
00EEB99893
FFD908AC30
FF968F07BD
002AC27467
00109691C3
FFCCBCC8BE
FFDEB5C6F0
FFFE63516F
005F37C66E
FF4C8B9ED0
00013FCF7D
007E90A1C0
003A3AD4B5
00C0D0D775
00776CE7E6
00B68479C0
FF84ADBD9F
0018A8FAB1
0029A19E57
006C47E45D
FF5587E0E6
FF17AF6AAD
002E806F25
FFB5B94B1E
00DBAFA998
FF5CAA939F
FFD597C315
002D924F30
004E9A174B
00CA789614
00AAD09AC1
0073612FDB
FFB29603FB
FF80C7F4EB
00555CAEC5
0066D070EC
0056B27D37
FEF1A0180E
009C5AC6CF
FF10CCE497
FFBCB3194B
000C16EEDD
FF61BE795B
004FAB2C40
FFF8E5527B
0041B18721
000FE477A5
FF7FE1AECA
002421754F
FFDDFD4F0C
FF9EC828A5
0018E3A8F6
FFBF98F656
FFBFF01DC3
00270D3A35
FFAA3A6E56
FFF6C1D425
FFEB061616
FF57C19F84
FFE511E019
00D49DBA07
0034640E5F
00554A3A59
FFD3A047AB
000CBFF391
FFECFFFD6A
FF7096DAA2
00EEDAA875
FF9C7352A1
FFFB749588
001F519045
0034B5AEED
FF3E5A5131
0045A2A5CE
FF8AFAEAE5
FFAEDC9BE4
FFF6BA2C3C
00450A5433
0024C8CA58
FEF2FBF422
00229B3052
0060AB8C3E
FF7A4B03AC
005CF75CBF
0011ECD670
FF5C6966A1
001164B42A
FF36C558F3
FF93D2485F
FFC3F36F41
FF56DAF79B
FF71AAAF14
0010F20452
FFC1FD6B00
0057AA4971
FF79CBCE13
FFE1B623A3
00C23336CA
001E72E8C5
00193EE7A2
FFD0AC23C8
FFAB632379
FFBC647364
FFAB89BAA0
FF81E17141
FFA1AA4B9A
004A026301
003B2DE037
FFCE10FD44
00954E56CA
FFBDBFFB6C
00FE4107AD
000E16C2D1
00C878EC80
000B16AAF6
FEE9FDB5E3
FFC86AFEB6
009456EA0F
FF42CD4DDC
FF3FEE6B26
0007EBECAB
005ED1C3D3
0043BD883B
0091806EB6
00AD4D86E4
0094759934
005FE84503
0036124D24
FFAD672D46
00769A44F9
0040B895E0
FFA207A4B9
FFEA50C3A7
FFD996F9C8
FF67A6F2FE
FF63135803
0034B6A20D
006B3DCC92
0000EDD2B8
002A3C1450
000D723D8A
FFECD59A49
00257BCACB
002DE4D844
002399C851
FFD6FE64C4
FFFCDA990A
00D3F15FA4
FFDA57934D
FF91A86E28
FF5A0C922B
FF88426656
00470DC8D5
FFCD700277
003204CA3F
FFD7B75CB4
FFA3E16E7E
004F8237F1
FFC3507BEF
FFA4AE283E
0065F9F0FC
002DFC81AF
001AE64756
00918D6E6E
FF690A5F2C
007023ABF1
00005F15FE
FFFA0318CE
FF64922A05
005D88AB00
0004FC3CBD
FF8270E61C
003C9E3B4E
006E7FF539
FF51DEEEEF
0025C07997
007529C8D9
FFE7096893
0012E9F2BA
003F00BD5A
FF718C5E43
0029C96384
FFE2DDB88F
FF79B62663
FF5199B148
FFEC4898FC
000E2CD74C
0073961CED
FFD3D538F6
000C719111
00B655E55C
FF9C79847E
003DD1790A
FFE82FE7AF
FFB11FF8E2
FF51F23760
FF6E84F756
FFDEB6920F
FF94AF70DD
FF9FD0F49D
FFDE85D711
FF9B9768DB
FFBA26BB24
00A97909B7
FF7CC6108C
0045B4CEAB
00E3360EED
0050371640
FFF292DC4E
0096A82567
0054B1D9E6
001D390F6E
FFB1CF4945
000EBEA52F
